<?xml version="1.0" encoding="UTF-8"?>
<testsuite xmlns:xsi="http://www.w3.org/2001/XMLSchema-instance" xsi:noNamespaceSchemaLocation="https://maven.apache.org/surefire/maven-surefire-plugin/xsd/surefire-test-report-3.0.xsd" version="3.0" name="com.quynhdv.pams.PAMSAppTest" time="0.148" tests="4" errors="0" skipped="0" failures="0">
  <properties>
[...]
</properties>
  <testcase name="testJsonSerialization" classname="com.quynhdv.pams.PAMSAppTest" time="0.129"/>
  <testcase name="testPatientSortingByAge" classname="com.quynhdv.pams.PAMSAppTest" time="0.005"/>
  <testcase name="testPatientAgeCalculation" classname="com.quynhdv.pams.PAMSAppTest" time="0.0"/>
  <testcase name="testPatientCreation" classname="com.quynhdv.pams.PAMSAppTest" time="0.001"/>
</testsuite>